# JRE version: OpenJDK Runtime Environment (8.0_151-b12) (build 1.8.0_151-8u151-b12-0ubuntu0.16.04.2-b12)
# Java VM: OpenJDK 64-Bit Server VM (25.151-b12 mixed mode linux-amd64 compressed oops)
Heap:
 PSYoungGen      total 332800K, used 80470K [0x00000000d7000000, 0x00000000f9500000, 0x0000000100000000)
  eden space 109056K, 0% used [0x00000000d7000000,0x00000000d7000000,0x00000000dda80000)
  from space 223744K, 35% used [0x00000000eb500000,0x00000000f0395b80,0x00000000f8f80000)
  to   space 223744K, 0% used [0x00000000dda80000,0x00000000dda80000,0x00000000eb500000)
 ParOldGen       total 695808K, used 695752K [0x0000000085000000, 0x00000000af780000, 0x00000000d7000000)
  object space 695808K, 99% used [0x0000000085000000,0x00000000af772328,0x00000000af780000)
 Metaspace       used 3357K, capacity 4600K, committed 4864K, reserved 1056768K
  class space    used 333K, capacity 424K, committed 512K, reserved 1048576K
GC Heap History (10 events):
Event: 90,357 GC heap after
Heap after GC invocations=13 (full 4):
 PSYoungGen      total 227328K, used 124928K [0x00000000d7000000, 0x00000000f4300000, 0x0000000100000000)
  eden space 102400K, 0% used [0x00000000d7000000,0x00000000d7000000,0x00000000dd400000)
  from space 124928K, 100% used [0x00000000dd400000,0x00000000e4e00000,0x00000000e4e00000)
  to   space 173056K, 0% used [0x00000000e9a00000,0x00000000e9a00000,0x00000000f4300000)
 ParOldGen       total 481792K, used 378308K [0x0000000085000000, 0x00000000a2680000, 0x00000000d7000000)
  object space 481792K, 78% used [0x0000000085000000,0x000000009c171110,0x00000000a2680000)
 Metaspace       used 3357K, capacity 4600K, committed 4864K, reserved 1056768K
  class space    used 333K, capacity 424K, committed 512K, reserved 1048576K
}
Event: 90,434 GC heap before
{Heap before GC invocations=14 (full 4):
 PSYoungGen      total 227328K, used 227328K [0x00000000d7000000, 0x00000000f4300000, 0x0000000100000000)
  eden space 102400K, 100% used [0x00000000d7000000,0x00000000dd400000,0x00000000dd400000)
  from space 124928K, 100% used [0x00000000dd400000,0x00000000e4e00000,0x00000000e4e00000)
  to   space 173056K, 0% used [0x00000000e9a00000,0x00000000e9a00000,0x00000000f4300000)
 ParOldGen       total 481792K, used 378308K [0x0000000085000000, 0x00000000a2680000, 0x00000000d7000000)
  object space 481792K, 78% used [0x0000000085000000,0x000000009c171110,0x00000000a2680000)
 Metaspace       used 3357K, capacity 4600K, committed 4864K, reserved 1056768K
  class space    used 333K, capacity 424K, committed 512K, reserved 1048576K
Event: 91,087 GC heap after
Heap after GC invocations=14 (full 4):
 PSYoungGen      total 258560K, used 173056K [0x00000000d7000000, 0x00000000fa400000, 0x0000000100000000)
  eden space 85504K, 0% used [0x00000000d7000000,0x00000000d7000000,0x00000000dc380000)
  from space 173056K, 100% used [0x00000000e9a00000,0x00000000f4300000,0x00000000f4300000)
  to   space 219648K, 0% used [0x00000000dc380000,0x00000000dc380000,0x00000000e9a00000)
 ParOldGen       total 481792K, used 432852K [0x0000000085000000, 0x00000000a2680000, 0x00000000d7000000)
  object space 481792K, 89% used [0x0000000085000000,0x000000009f6b5110,0x00000000a2680000)
 Metaspace       used 3357K, capacity 4600K, committed 4864K, reserved 1056768K
  class space    used 333K, capacity 424K, committed 512K, reserved 1048576K
}
Event: 91,087 GC heap before
{Heap before GC invocations=15 (full 5):
 PSYoungGen      total 258560K, used 173056K [0x00000000d7000000, 0x00000000fa400000, 0x0000000100000000)
  eden space 85504K, 0% used [0x00000000d7000000,0x00000000d7000000,0x00000000dc380000)
  from space 173056K, 100% used [0x00000000e9a00000,0x00000000f4300000,0x00000000f4300000)
  to   space 219648K, 0% used [0x00000000dc380000,0x00000000dc380000,0x00000000e9a00000)
 ParOldGen       total 481792K, used 432852K [0x0000000085000000, 0x00000000a2680000, 0x00000000d7000000)
  object space 481792K, 89% used [0x0000000085000000,0x000000009f6b5110,0x00000000a2680000)
 Metaspace       used 3357K, capacity 4600K, committed 4864K, reserved 1056768K
  class space    used 333K, capacity 424K, committed 512K, reserved 1048576K
Event: 96,457 GC heap after
Heap after GC invocations=15 (full 5):
 PSYoungGen      total 258560K, used 123783K [0x00000000d7000000, 0x00000000fa400000, 0x0000000100000000)
  eden space 85504K, 0% used [0x00000000d7000000,0x00000000d7000000,0x00000000dc380000)
  from space 173056K, 71% used [0x00000000e9a00000,0x00000000f12e1c00,0x00000000f4300000)
  to   space 219648K, 0% used [0x00000000dc380000,0x00000000dc380000,0x00000000e9a00000)
 ParOldGen       total 695808K, used 481434K [0x0000000085000000, 0x00000000af780000, 0x00000000d7000000)
  object space 695808K, 69% used [0x0000000085000000,0x00000000a2626928,0x00000000af780000)
 Metaspace       used 3357K, capacity 4600K, committed 4864K, reserved 1056768K
  class space    used 333K, capacity 424K, committed 512K, reserved 1048576K
}
Event: 96,509 GC heap before
{Heap before GC invocations=16 (full 5):
 PSYoungGen      total 258560K, used 209287K [0x00000000d7000000, 0x00000000fa400000, 0x0000000100000000)
  eden space 85504K, 100% used [0x00000000d7000000,0x00000000dc380000,0x00000000dc380000)
  from space 173056K, 71% used [0x00000000e9a00000,0x00000000f12e1c00,0x00000000f4300000)
  to   space 219648K, 0% used [0x00000000dc380000,0x00000000dc380000,0x00000000e9a00000)
 ParOldGen       total 695808K, used 481434K [0x0000000085000000, 0x00000000af780000, 0x00000000d7000000)
  object space 695808K, 69% used [0x0000000085000000,0x00000000a2626928,0x00000000af780000)
 Metaspace       used 3357K, capacity 4600K, committed 4864K, reserved 1056768K
  class space    used 333K, capacity 424K, committed 512K, reserved 1048576K
Event: 96,866 GC heap after
Heap after GC invocations=16 (full 5):
 PSYoungGen      total 305152K, used 172832K [0x00000000d7000000, 0x00000000f8f80000, 0x0000000100000000)
  eden space 85504K, 0% used [0x00000000d7000000,0x00000000d7000000,0x00000000dc380000)
  from space 219648K, 78% used [0x00000000dc380000,0x00000000e6c48000,0x00000000e9a00000)
  to   space 223744K, 0% used [0x00000000eb500000,0x00000000eb500000,0x00000000f8f80000)
 ParOldGen       total 695808K, used 518266K [0x0000000085000000, 0x00000000af780000, 0x00000000d7000000)
  object space 695808K, 74% used [0x0000000085000000,0x00000000a4a1e928,0x00000000af780000)
 Metaspace       used 3357K, capacity 4600K, committed 4864K, reserved 1056768K
  class space    used 333K, capacity 424K, committed 512K, reserved 1048576K
}
Event: 96,918 GC heap before
{Heap before GC invocations=17 (full 5):
 PSYoungGen      total 305152K, used 258336K [0x00000000d7000000, 0x00000000f8f80000, 0x0000000100000000)
  eden space 85504K, 100% used [0x00000000d7000000,0x00000000dc380000,0x00000000dc380000)
  from space 219648K, 78% used [0x00000000dc380000,0x00000000e6c48000,0x00000000e9a00000)
  to   space 223744K, 0% used [0x00000000eb500000,0x00000000eb500000,0x00000000f8f80000)
 ParOldGen       total 695808K, used 518266K [0x0000000085000000, 0x00000000af780000, 0x00000000d7000000)
  object space 695808K, 74% used [0x0000000085000000,0x00000000a4a1e928,0x00000000af780000)
 Metaspace       used 3357K, capacity 4600K, committed 4864K, reserved 1056768K
  class space    used 333K, capacity 424K, committed 512K, reserved 1048576K
Event: 97,266 GC heap after
Heap after GC invocations=17 (full 5):
 PSYoungGen      total 332800K, used 171200K [0x00000000d7000000, 0x00000000f9500000, 0x0000000100000000)
  eden space 109056K, 0% used [0x00000000d7000000,0x00000000d7000000,0x00000000dda80000)
  from space 223744K, 76% used [0x00000000eb500000,0x00000000f5c30000,0x00000000f8f80000)
  to   space 223744K, 0% used [0x00000000dda80000,0x00000000dda80000,0x00000000eb500000)
 ParOldGen       total 695808K, used 605722K [0x0000000085000000, 0x00000000af780000, 0x00000000d7000000)
  object space 695808K, 87% used [0x0000000085000000,0x00000000a9f86928,0x00000000af780000)
 Metaspace       used 3357K, capacity 4600K, committed 4864K, reserved 1056768K
  class space    used 333K, capacity 424K, committed 512K, reserved 1048576K
}
Event: 97,266 GC heap before
{Heap before GC invocations=18 (full 6):
 PSYoungGen      total 332800K, used 171200K [0x00000000d7000000, 0x00000000f9500000, 0x0000000100000000)
  eden space 109056K, 0% used [0x00000000d7000000,0x00000000d7000000,0x00000000dda80000)
  from space 223744K, 76% used [0x00000000eb500000,0x00000000f5c30000,0x00000000f8f80000)
  to   space 223744K, 0% used [0x00000000dda80000,0x00000000dda80000,0x00000000eb500000)
 ParOldGen       total 695808K, used 605722K [0x0000000085000000, 0x00000000af780000, 0x00000000d7000000)
  object space 695808K, 87% used [0x0000000085000000,0x00000000a9f86928,0x00000000af780000)
 Metaspace       used 3357K, capacity 4600K, committed 4864K, reserved 1056768K
  class space    used 333K, capacity 424K, committed 512K, reserved 1048576K

