# JRE version: OpenJDK Runtime Environment (8.0_151-b12) (build 1.8.0_151-8u151-b12-0ubuntu0.16.04.2-b12)
# Java VM: OpenJDK 64-Bit Server VM (25.151-b12 mixed mode linux-amd64 compressed oops)
Heap:
 PSYoungGen      total 148480K, used 24576K [0x00000000d7000000, 0x00000000e1c00000, 0x0000000100000000)
  eden space 123904K, 0% used [0x00000000d7000000,0x00000000d7000000,0x00000000de900000)
  from space 24576K, 100% used [0x00000000de900000,0x00000000e0100000,0x00000000e0100000)
  to   space 21504K, 0% used [0x00000000e0100000,0x00000000e0100000,0x00000000e1600000)
 ParOldGen       total 84992K, used 68392K [0x0000000085000000, 0x000000008a300000, 0x00000000d7000000)
  object space 84992K, 80% used [0x0000000085000000,0x00000000892ca050,0x000000008a300000)
 Metaspace       used 3294K, capacity 4600K, committed 4864K, reserved 1056768K
  class space    used 332K, capacity 424K, committed 512K, reserved 1048576K
GC Heap History (10 events):
Event: 5,803 GC heap after
Heap after GC invocations=2 (full 0):
 PSYoungGen      total 36864K, used 5104K [0x00000000d7000000, 0x00000000db800000, 0x0000000100000000)
  eden space 31744K, 0% used [0x00000000d7000000,0x00000000d7000000,0x00000000d8f00000)
  from space 5120K, 99% used [0x00000000d9400000,0x00000000d98fc010,0x00000000d9900000)
  to   space 5120K, 0% used [0x00000000d8f00000,0x00000000d8f00000,0x00000000d9400000)
 ParOldGen       total 84992K, used 10376K [0x0000000085000000, 0x000000008a300000, 0x00000000d7000000)
  object space 84992K, 12% used [0x0000000085000000,0x0000000085a22000,0x000000008a300000)
 Metaspace       used 3293K, capacity 4600K, committed 4864K, reserved 1056768K
  class space    used 332K, capacity 424K, committed 512K, reserved 1048576K
}
Event: 6,139 GC heap before
{Heap before GC invocations=3 (full 0):
 PSYoungGen      total 36864K, used 36848K [0x00000000d7000000, 0x00000000db800000, 0x0000000100000000)
  eden space 31744K, 100% used [0x00000000d7000000,0x00000000d8f00000,0x00000000d8f00000)
  from space 5120K, 99% used [0x00000000d9400000,0x00000000d98fc010,0x00000000d9900000)
  to   space 5120K, 0% used [0x00000000d8f00000,0x00000000d8f00000,0x00000000d9400000)
 ParOldGen       total 84992K, used 10376K [0x0000000085000000, 0x000000008a300000, 0x00000000d7000000)
  object space 84992K, 12% used [0x0000000085000000,0x0000000085a22000,0x000000008a300000)
 Metaspace       used 3294K, capacity 4600K, committed 4864K, reserved 1056768K
  class space    used 332K, capacity 424K, committed 512K, reserved 1048576K
Event: 6,173 GC heap after
Heap after GC invocations=3 (full 0):
 PSYoungGen      total 36864K, used 5120K [0x00000000d7000000, 0x00000000db800000, 0x0000000100000000)
  eden space 31744K, 0% used [0x00000000d7000000,0x00000000d7000000,0x00000000d8f00000)
  from space 5120K, 100% used [0x00000000d8f00000,0x00000000d9400000,0x00000000d9400000)
  to   space 5120K, 0% used [0x00000000db300000,0x00000000db300000,0x00000000db800000)
 ParOldGen       total 84992K, used 18216K [0x0000000085000000, 0x000000008a300000, 0x00000000d7000000)
  object space 84992K, 21% used [0x0000000085000000,0x00000000861ca000,0x000000008a300000)
 Metaspace       used 3294K, capacity 4600K, committed 4864K, reserved 1056768K
  class space    used 332K, capacity 424K, committed 512K, reserved 1048576K
}
Event: 6,470 GC heap before
{Heap before GC invocations=4 (full 0):
 PSYoungGen      total 36864K, used 36864K [0x00000000d7000000, 0x00000000db800000, 0x0000000100000000)
  eden space 31744K, 100% used [0x00000000d7000000,0x00000000d8f00000,0x00000000d8f00000)
  from space 5120K, 100% used [0x00000000d8f00000,0x00000000d9400000,0x00000000d9400000)
  to   space 5120K, 0% used [0x00000000db300000,0x00000000db300000,0x00000000db800000)
 ParOldGen       total 84992K, used 18216K [0x0000000085000000, 0x000000008a300000, 0x00000000d7000000)
  object space 84992K, 21% used [0x0000000085000000,0x00000000861ca000,0x000000008a300000)
 Metaspace       used 3294K, capacity 4600K, committed 4864K, reserved 1056768K
  class space    used 332K, capacity 424K, committed 512K, reserved 1048576K
Event: 6,516 GC heap after
Heap after GC invocations=4 (full 0):
 PSYoungGen      total 68608K, used 5120K [0x00000000d7000000, 0x00000000db800000, 0x0000000100000000)
  eden space 63488K, 0% used [0x00000000d7000000,0x00000000d7000000,0x00000000dae00000)
  from space 5120K, 100% used [0x00000000db300000,0x00000000db800000,0x00000000db800000)
  to   space 5120K, 0% used [0x00000000dae00000,0x00000000dae00000,0x00000000db300000)
 ParOldGen       total 84992K, used 26048K [0x0000000085000000, 0x000000008a300000, 0x00000000d7000000)
  object space 84992K, 30% used [0x0000000085000000,0x0000000086970050,0x000000008a300000)
 Metaspace       used 3294K, capacity 4600K, committed 4864K, reserved 1056768K
  class space    used 332K, capacity 424K, committed 512K, reserved 1048576K
}
Event: 7,073 GC heap before
{Heap before GC invocations=5 (full 0):
 PSYoungGen      total 68608K, used 68608K [0x00000000d7000000, 0x00000000db800000, 0x0000000100000000)
  eden space 63488K, 100% used [0x00000000d7000000,0x00000000dae00000,0x00000000dae00000)
  from space 5120K, 100% used [0x00000000db300000,0x00000000db800000,0x00000000db800000)
  to   space 5120K, 0% used [0x00000000dae00000,0x00000000dae00000,0x00000000db300000)
 ParOldGen       total 84992K, used 26048K [0x0000000085000000, 0x000000008a300000, 0x00000000d7000000)
  object space 84992K, 30% used [0x0000000085000000,0x0000000086970050,0x000000008a300000)
 Metaspace       used 3294K, capacity 4600K, committed 4864K, reserved 1056768K
  class space    used 332K, capacity 424K, committed 512K, reserved 1048576K
Event: 7,135 GC heap after
Heap after GC invocations=5 (full 0):
 PSYoungGen      total 68608K, used 5120K [0x00000000d7000000, 0x00000000e1600000, 0x0000000100000000)
  eden space 63488K, 0% used [0x00000000d7000000,0x00000000d7000000,0x00000000dae00000)
  from space 5120K, 100% used [0x00000000dae00000,0x00000000db300000,0x00000000db300000)
  to   space 21504K, 0% used [0x00000000e0100000,0x00000000e0100000,0x00000000e1600000)
 ParOldGen       total 84992K, used 41760K [0x0000000085000000, 0x000000008a300000, 0x00000000d7000000)
  object space 84992K, 49% used [0x0000000085000000,0x00000000878c8050,0x000000008a300000)
 Metaspace       used 3294K, capacity 4600K, committed 4864K, reserved 1056768K
  class space    used 332K, capacity 424K, committed 512K, reserved 1048576K
}
Event: 7,677 GC heap before
{Heap before GC invocations=6 (full 0):
 PSYoungGen      total 68608K, used 68608K [0x00000000d7000000, 0x00000000e1600000, 0x0000000100000000)
  eden space 63488K, 100% used [0x00000000d7000000,0x00000000dae00000,0x00000000dae00000)
  from space 5120K, 100% used [0x00000000dae00000,0x00000000db300000,0x00000000db300000)
  to   space 21504K, 0% used [0x00000000e0100000,0x00000000e0100000,0x00000000e1600000)
 ParOldGen       total 84992K, used 41760K [0x0000000085000000, 0x000000008a300000, 0x00000000d7000000)
  object space 84992K, 49% used [0x0000000085000000,0x00000000878c8050,0x000000008a300000)
 Metaspace       used 3294K, capacity 4600K, committed 4864K, reserved 1056768K
  class space    used 332K, capacity 424K, committed 512K, reserved 1048576K
Event: 7,732 GC heap after
Heap after GC invocations=6 (full 0):
 PSYoungGen      total 145408K, used 20608K [0x00000000d7000000, 0x00000000e1c00000, 0x0000000100000000)
  eden space 123904K, 0% used [0x00000000d7000000,0x00000000d7000000,0x00000000de900000)
  from space 21504K, 95% used [0x00000000e0100000,0x00000000e1520000,0x00000000e1600000)
  to   space 24576K, 0% used [0x00000000de900000,0x00000000de900000,0x00000000e0100000)
 ParOldGen       total 84992K, used 41760K [0x0000000085000000, 0x000000008a300000, 0x00000000d7000000)
  object space 84992K, 49% used [0x0000000085000000,0x00000000878c8050,0x000000008a300000)
 Metaspace       used 3294K, capacity 4600K, committed 4864K, reserved 1056768K
  class space    used 332K, capacity 424K, committed 512K, reserved 1048576K
}
Event: 8,629 GC heap before
{Heap before GC invocations=7 (full 0):
 PSYoungGen      total 145408K, used 144512K [0x00000000d7000000, 0x00000000e1c00000, 0x0000000100000000)
  eden space 123904K, 100% used [0x00000000d7000000,0x00000000de900000,0x00000000de900000)
  from space 21504K, 95% used [0x00000000e0100000,0x00000000e1520000,0x00000000e1600000)
  to   space 24576K, 0% used [0x00000000de900000,0x00000000de900000,0x00000000e0100000)
 ParOldGen       total 84992K, used 41760K [0x0000000085000000, 0x000000008a300000, 0x00000000d7000000)
  object space 84992K, 49% used [0x0000000085000000,0x00000000878c8050,0x000000008a300000)
 Metaspace       used 3294K, capacity 4600K, committed 4864K, reserved 1056768K
  class space    used 332K, capacity 424K, committed 512K, reserved 1048576K

