# JRE version: OpenJDK Runtime Environment (8.0_151-b12) (build 1.8.0_151-8u151-b12-0ubuntu0.16.04.2-b12)
# Java VM: OpenJDK 64-Bit Server VM (25.151-b12 mixed mode linux-amd64 compressed oops)
Heap:
 PSYoungGen      total 384000K, used 140662K [0x00000000d7000000, 0x00000000fef00000, 0x0000000100000000)
  eden space 160256K, 0% used [0x00000000d7000000,0x00000000d7000000,0x00000000e0c80000)
  from space 223744K, 62% used [0x00000000e0c80000,0x00000000e95dda00,0x00000000ee700000)
  to   space 223744K, 0% used [0x00000000f1480000,0x00000000f1480000,0x00000000fef00000)
 ParOldGen       total 808448K, used 808106K [0x0000000085000000, 0x00000000b6580000, 0x00000000d7000000)
  object space 808448K, 99% used [0x0000000085000000,0x00000000b652a908,0x00000000b6580000)
 Metaspace       used 3357K, capacity 4600K, committed 4864K, reserved 1056768K
  class space    used 333K, capacity 424K, committed 512K, reserved 1048576K
GC Heap History (10 events):
Event: 9,366 GC heap after
Heap after GC invocations=11 (full 3):
 PSYoungGen      total 287744K, used 174080K [0x00000000d7000000, 0x00000000fd000000, 0x0000000100000000)
  eden space 113664K, 0% used [0x00000000d7000000,0x00000000d7000000,0x00000000ddf00000)
  from space 174080K, 100% used [0x00000000eb980000,0x00000000f6380000,0x00000000f6380000)
  to   space 223744K, 0% used [0x00000000ddf00000,0x00000000ddf00000,0x00000000eb980000)
 ParOldGen       total 502784K, used 398063K [0x0000000085000000, 0x00000000a3b00000, 0x00000000d7000000)
  object space 502784K, 79% used [0x0000000085000000,0x000000009d4bbe20,0x00000000a3b00000)
 Metaspace       used 3357K, capacity 4600K, committed 4864K, reserved 1056768K
  class space    used 333K, capacity 424K, committed 512K, reserved 1048576K
}
Event: 9,407 GC heap before
{Heap before GC invocations=12 (full 3):
 PSYoungGen      total 287744K, used 287744K [0x00000000d7000000, 0x00000000fd000000, 0x0000000100000000)
  eden space 113664K, 100% used [0x00000000d7000000,0x00000000ddf00000,0x00000000ddf00000)
  from space 174080K, 100% used [0x00000000eb980000,0x00000000f6380000,0x00000000f6380000)
  to   space 223744K, 0% used [0x00000000ddf00000,0x00000000ddf00000,0x00000000eb980000)
 ParOldGen       total 502784K, used 398063K [0x0000000085000000, 0x00000000a3b00000, 0x00000000d7000000)
  object space 502784K, 79% used [0x0000000085000000,0x000000009d4bbe20,0x00000000a3b00000)
 Metaspace       used 3357K, capacity 4600K, committed 4864K, reserved 1056768K
  class space    used 333K, capacity 424K, committed 512K, reserved 1048576K
Event: 9,865 GC heap after
Heap after GC invocations=12 (full 3):
 PSYoungGen      total 337408K, used 223744K [0x00000000d7000000, 0x00000000fc180000, 0x0000000100000000)
  eden space 113664K, 0% used [0x00000000d7000000,0x00000000d7000000,0x00000000ddf00000)
  from space 223744K, 100% used [0x00000000ddf00000,0x00000000eb980000,0x00000000eb980000)
  to   space 223744K, 0% used [0x00000000ee700000,0x00000000ee700000,0x00000000fc180000)
 ParOldGen       total 502784K, used 462375K [0x0000000085000000, 0x00000000a3b00000, 0x00000000d7000000)
  object space 502784K, 91% used [0x0000000085000000,0x00000000a1389e20,0x00000000a3b00000)
 Metaspace       used 3357K, capacity 4600K, committed 4864K, reserved 1056768K
  class space    used 333K, capacity 424K, committed 512K, reserved 1048576K
}
Event: 9,865 GC heap before
{Heap before GC invocations=13 (full 4):
 PSYoungGen      total 337408K, used 223744K [0x00000000d7000000, 0x00000000fc180000, 0x0000000100000000)
  eden space 113664K, 0% used [0x00000000d7000000,0x00000000d7000000,0x00000000ddf00000)
  from space 223744K, 100% used [0x00000000ddf00000,0x00000000eb980000,0x00000000eb980000)
  to   space 223744K, 0% used [0x00000000ee700000,0x00000000ee700000,0x00000000fc180000)
 ParOldGen       total 502784K, used 462375K [0x0000000085000000, 0x00000000a3b00000, 0x00000000d7000000)
  object space 502784K, 91% used [0x0000000085000000,0x00000000a1389e20,0x00000000a3b00000)
 Metaspace       used 3357K, capacity 4600K, committed 4864K, reserved 1056768K
  class space    used 333K, capacity 424K, committed 512K, reserved 1048576K
Event: 15,936 GC heap after
Heap after GC invocations=13 (full 4):
 PSYoungGen      total 337408K, used 182605K [0x00000000d7000000, 0x00000000fc180000, 0x0000000100000000)
  eden space 113664K, 0% used [0x00000000d7000000,0x00000000d7000000,0x00000000ddf00000)
  from space 223744K, 81% used [0x00000000ddf00000,0x00000000e9153600,0x00000000eb980000)
  to   space 223744K, 0% used [0x00000000ee700000,0x00000000ee700000,0x00000000fc180000)
 ParOldGen       total 808448K, used 502485K [0x0000000085000000, 0x00000000b6580000, 0x00000000d7000000)
  object space 808448K, 62% used [0x0000000085000000,0x00000000a3ab54f8,0x00000000b6580000)
 Metaspace       used 3357K, capacity 4600K, committed 4864K, reserved 1056768K
  class space    used 333K, capacity 424K, committed 512K, reserved 1048576K
}
Event: 15,978 GC heap before
{Heap before GC invocations=14 (full 4):
 PSYoungGen      total 337408K, used 296269K [0x00000000d7000000, 0x00000000fc180000, 0x0000000100000000)
  eden space 113664K, 100% used [0x00000000d7000000,0x00000000ddf00000,0x00000000ddf00000)
  from space 223744K, 81% used [0x00000000ddf00000,0x00000000e9153600,0x00000000eb980000)
  to   space 223744K, 0% used [0x00000000ee700000,0x00000000ee700000,0x00000000fc180000)
 ParOldGen       total 808448K, used 502485K [0x0000000085000000, 0x00000000b6580000, 0x00000000d7000000)
  object space 808448K, 62% used [0x0000000085000000,0x00000000a3ab54f8,0x00000000b6580000)
 Metaspace       used 3357K, capacity 4600K, committed 4864K, reserved 1056768K
  class space    used 333K, capacity 424K, committed 512K, reserved 1048576K
Event: 16,499 GC heap after
Heap after GC invocations=14 (full 4):
 PSYoungGen      total 373760K, used 223744K [0x00000000d7000000, 0x00000000fc180000, 0x0000000100000000)
  eden space 150016K, 0% used [0x00000000d7000000,0x00000000d7000000,0x00000000e0280000)
  from space 223744K, 100% used [0x00000000ee700000,0x00000000fc180000,0x00000000fc180000)
  to   space 223744K, 0% used [0x00000000e0c80000,0x00000000e0c80000,0x00000000ee700000)
 ParOldGen       total 808448K, used 575533K [0x0000000085000000, 0x00000000b6580000, 0x00000000d7000000)
  object space 808448K, 71% used [0x0000000085000000,0x00000000a820b4f8,0x00000000b6580000)
 Metaspace       used 3357K, capacity 4600K, committed 4864K, reserved 1056768K
  class space    used 333K, capacity 424K, committed 512K, reserved 1048576K
}
Event: 16,557 GC heap before
{Heap before GC invocations=15 (full 4):
 PSYoungGen      total 373760K, used 373760K [0x00000000d7000000, 0x00000000fc180000, 0x0000000100000000)
  eden space 150016K, 100% used [0x00000000d7000000,0x00000000e0280000,0x00000000e0280000)
  from space 223744K, 100% used [0x00000000ee700000,0x00000000fc180000,0x00000000fc180000)
  to   space 223744K, 0% used [0x00000000e0c80000,0x00000000e0c80000,0x00000000ee700000)
 ParOldGen       total 808448K, used 575533K [0x0000000085000000, 0x00000000b6580000, 0x00000000d7000000)
  object space 808448K, 71% used [0x0000000085000000,0x00000000a820b4f8,0x00000000b6580000)
 Metaspace       used 3357K, capacity 4600K, committed 4864K, reserved 1056768K
  class space    used 333K, capacity 424K, committed 512K, reserved 1048576K
Event: 17,267 GC heap after
Heap after GC invocations=15 (full 4):
 PSYoungGen      total 384000K, used 223744K [0x00000000d7000000, 0x00000000fef00000, 0x0000000100000000)
  eden space 160256K, 0% used [0x00000000d7000000,0x00000000d7000000,0x00000000e0c80000)
  from space 223744K, 100% used [0x00000000e0c80000,0x00000000ee700000,0x00000000ee700000)
  to   space 223744K, 0% used [0x00000000f1480000,0x00000000f1480000,0x00000000fef00000)
 ParOldGen       total 808448K, used 726157K [0x0000000085000000, 0x00000000b6580000, 0x00000000d7000000)
  object space 808448K, 89% used [0x0000000085000000,0x00000000b15234f8,0x00000000b6580000)
 Metaspace       used 3357K, capacity 4600K, committed 4864K, reserved 1056768K
  class space    used 333K, capacity 424K, committed 512K, reserved 1048576K
}
Event: 17,267 GC heap before
{Heap before GC invocations=16 (full 5):
 PSYoungGen      total 384000K, used 223744K [0x00000000d7000000, 0x00000000fef00000, 0x0000000100000000)
  eden space 160256K, 0% used [0x00000000d7000000,0x00000000d7000000,0x00000000e0c80000)
  from space 223744K, 100% used [0x00000000e0c80000,0x00000000ee700000,0x00000000ee700000)
  to   space 223744K, 0% used [0x00000000f1480000,0x00000000f1480000,0x00000000fef00000)
 ParOldGen       total 808448K, used 726157K [0x0000000085000000, 0x00000000b6580000, 0x00000000d7000000)
  object space 808448K, 89% used [0x0000000085000000,0x00000000b15234f8,0x00000000b6580000)
 Metaspace       used 3357K, capacity 4600K, committed 4864K, reserved 1056768K
  class space    used 333K, capacity 424K, committed 512K, reserved 1048576K

