# JRE version: OpenJDK Runtime Environment (8.0_151-b12) (build 1.8.0_151-8u151-b12-0ubuntu0.16.04.2-b12)
# Java VM: OpenJDK 64-Bit Server VM (25.151-b12 mixed mode linux-amd64 compressed oops)
Heap:
 PSYoungGen      total 86528K, used 5120K [0x00000000d7000000, 0x00000000dce00000, 0x0000000100000000)
  eden space 81408K, 0% used [0x00000000d7000000,0x00000000d7000000,0x00000000dbf80000)
  from space 5120K, 100% used [0x00000000dc400000,0x00000000dc900000,0x00000000dc900000)
  to   space 5120K, 0% used [0x00000000dc900000,0x00000000dc900000,0x00000000dce00000)
 ParOldGen       total 279040K, used 258349K [0x0000000085000000, 0x0000000096080000, 0x00000000d7000000)
  object space 279040K, 92% used [0x0000000085000000,0x0000000094c4b718,0x0000000096080000)
 Metaspace       used 3835K, capacity 4600K, committed 4864K, reserved 1056768K
  class space    used 396K, capacity 424K, committed 512K, reserved 1048576K
GC Heap History (10 events):
Event: 1,508 GC heap after
Heap after GC invocations=2 (full 0):
 PSYoungGen      total 68608K, used 5104K [0x00000000d7000000, 0x00000000db800000, 0x0000000100000000)
  eden space 63488K, 0% used [0x00000000d7000000,0x00000000d7000000,0x00000000dae00000)
  from space 5120K, 99% used [0x00000000db300000,0x00000000db7fc010,0x00000000db800000)
  to   space 5120K, 0% used [0x00000000dae00000,0x00000000dae00000,0x00000000db300000)
 ParOldGen       total 84992K, used 49656K [0x0000000085000000, 0x000000008a300000, 0x00000000d7000000)
  object space 84992K, 58% used [0x0000000085000000,0x000000008807e000,0x000000008a300000)
 Metaspace       used 3835K, capacity 4600K, committed 4864K, reserved 1056768K
  class space    used 396K, capacity 424K, committed 512K, reserved 1048576K
}
Event: 1,508 GC heap before
{Heap before GC invocations=3 (full 1):
 PSYoungGen      total 68608K, used 5104K [0x00000000d7000000, 0x00000000db800000, 0x0000000100000000)
  eden space 63488K, 0% used [0x00000000d7000000,0x00000000d7000000,0x00000000dae00000)
  from space 5120K, 99% used [0x00000000db300000,0x00000000db7fc010,0x00000000db800000)
  to   space 5120K, 0% used [0x00000000dae00000,0x00000000dae00000,0x00000000db300000)
 ParOldGen       total 84992K, used 49656K [0x0000000085000000, 0x000000008a300000, 0x00000000d7000000)
  object space 84992K, 58% used [0x0000000085000000,0x000000008807e000,0x000000008a300000)
 Metaspace       used 3835K, capacity 4600K, committed 4864K, reserved 1056768K
  class space    used 396K, capacity 424K, committed 512K, reserved 1048576K
Event: 4,665 GC heap after
Heap after GC invocations=3 (full 1):
 PSYoungGen      total 68608K, used 0K [0x00000000d7000000, 0x00000000db800000, 0x0000000100000000)
  eden space 63488K, 0% used [0x00000000d7000000,0x00000000d7000000,0x00000000dae00000)
  from space 5120K, 0% used [0x00000000db300000,0x00000000db300000,0x00000000db800000)
  to   space 5120K, 0% used [0x00000000dae00000,0x00000000dae00000,0x00000000db300000)
 ParOldGen       total 143360K, used 54502K [0x0000000085000000, 0x000000008dc00000, 0x00000000d7000000)
  object space 143360K, 38% used [0x0000000085000000,0x0000000088539be8,0x000000008dc00000)
 Metaspace       used 3835K, capacity 4600K, committed 4864K, reserved 1056768K
  class space    used 396K, capacity 424K, committed 512K, reserved 1048576K
}
Event: 4,760 GC heap before
{Heap before GC invocations=4 (full 1):
 PSYoungGen      total 68608K, used 63488K [0x00000000d7000000, 0x00000000db800000, 0x0000000100000000)
  eden space 63488K, 100% used [0x00000000d7000000,0x00000000dae00000,0x00000000dae00000)
  from space 5120K, 0% used [0x00000000db300000,0x00000000db300000,0x00000000db800000)
  to   space 5120K, 0% used [0x00000000dae00000,0x00000000dae00000,0x00000000db300000)
 ParOldGen       total 143360K, used 54502K [0x0000000085000000, 0x000000008dc00000, 0x00000000d7000000)
  object space 143360K, 38% used [0x0000000085000000,0x0000000088539be8,0x000000008dc00000)
 Metaspace       used 3835K, capacity 4600K, committed 4864K, reserved 1056768K
  class space    used 396K, capacity 424K, committed 512K, reserved 1048576K
Event: 5,089 GC heap after
Heap after GC invocations=4 (full 1):
 PSYoungGen      total 68608K, used 5120K [0x00000000d7000000, 0x00000000dce00000, 0x0000000100000000)
  eden space 63488K, 0% used [0x00000000d7000000,0x00000000d7000000,0x00000000dae00000)
  from space 5120K, 100% used [0x00000000dae00000,0x00000000db300000,0x00000000db300000)
  to   space 5120K, 0% used [0x00000000dc900000,0x00000000dc900000,0x00000000dce00000)
 ParOldGen       total 143360K, used 113118K [0x0000000085000000, 0x000000008dc00000, 0x00000000d7000000)
  object space 143360K, 78% used [0x0000000085000000,0x000000008be77be8,0x000000008dc00000)
 Metaspace       used 3835K, capacity 4600K, committed 4864K, reserved 1056768K
  class space    used 396K, capacity 424K, committed 512K, reserved 1048576K
}
Event: 5,089 GC heap before
{Heap before GC invocations=5 (full 2):
 PSYoungGen      total 68608K, used 5120K [0x00000000d7000000, 0x00000000dce00000, 0x0000000100000000)
  eden space 63488K, 0% used [0x00000000d7000000,0x00000000d7000000,0x00000000dae00000)
  from space 5120K, 100% used [0x00000000dae00000,0x00000000db300000,0x00000000db300000)
  to   space 5120K, 0% used [0x00000000dc900000,0x00000000dc900000,0x00000000dce00000)
 ParOldGen       total 143360K, used 113118K [0x0000000085000000, 0x000000008dc00000, 0x00000000d7000000)
  object space 143360K, 78% used [0x0000000085000000,0x000000008be77be8,0x000000008dc00000)
 Metaspace       used 3835K, capacity 4600K, committed 4864K, reserved 1056768K
  class space    used 396K, capacity 424K, committed 512K, reserved 1048576K
Event: 8,226 GC heap after
Heap after GC invocations=5 (full 2):
 PSYoungGen      total 68608K, used 0K [0x00000000d7000000, 0x00000000dce00000, 0x0000000100000000)
  eden space 63488K, 0% used [0x00000000d7000000,0x00000000d7000000,0x00000000dae00000)
  from space 5120K, 0% used [0x00000000dae00000,0x00000000dae00000,0x00000000db300000)
  to   space 5120K, 0% used [0x00000000dc900000,0x00000000dc900000,0x00000000dce00000)
 ParOldGen       total 279040K, used 117989K [0x0000000085000000, 0x0000000096080000, 0x00000000d7000000)
  object space 279040K, 42% used [0x0000000085000000,0x000000008c339718,0x0000000096080000)
 Metaspace       used 3835K, capacity 4600K, committed 4864K, reserved 1056768K
  class space    used 396K, capacity 424K, committed 512K, reserved 1048576K
}
Event: 8,277 GC heap before
{Heap before GC invocations=6 (full 2):
 PSYoungGen      total 68608K, used 63488K [0x00000000d7000000, 0x00000000dce00000, 0x0000000100000000)
  eden space 63488K, 100% used [0x00000000d7000000,0x00000000dae00000,0x00000000dae00000)
  from space 5120K, 0% used [0x00000000dae00000,0x00000000dae00000,0x00000000db300000)
  to   space 5120K, 0% used [0x00000000dc900000,0x00000000dc900000,0x00000000dce00000)
 ParOldGen       total 279040K, used 117989K [0x0000000085000000, 0x0000000096080000, 0x00000000d7000000)
  object space 279040K, 42% used [0x0000000085000000,0x000000008c339718,0x0000000096080000)
 Metaspace       used 3835K, capacity 4600K, committed 4864K, reserved 1056768K
  class space    used 396K, capacity 424K, committed 512K, reserved 1048576K
Event: 8,482 GC heap after
Heap after GC invocations=6 (full 2):
 PSYoungGen      total 86528K, used 5120K [0x00000000d7000000, 0x00000000dce00000, 0x0000000100000000)
  eden space 81408K, 0% used [0x00000000d7000000,0x00000000d7000000,0x00000000dbf80000)
  from space 5120K, 100% used [0x00000000dc900000,0x00000000dce00000,0x00000000dce00000)
  to   space 5120K, 0% used [0x00000000dc400000,0x00000000dc400000,0x00000000dc900000)
 ParOldGen       total 279040K, used 176605K [0x0000000085000000, 0x0000000096080000, 0x00000000d7000000)
  object space 279040K, 63% used [0x0000000085000000,0x000000008fc77718,0x0000000096080000)
 Metaspace       used 3835K, capacity 4600K, committed 4864K, reserved 1056768K
  class space    used 396K, capacity 424K, committed 512K, reserved 1048576K
}
Event: 8,542 GC heap before
{Heap before GC invocations=7 (full 2):
 PSYoungGen      total 86528K, used 86528K [0x00000000d7000000, 0x00000000dce00000, 0x0000000100000000)
  eden space 81408K, 100% used [0x00000000d7000000,0x00000000dbf80000,0x00000000dbf80000)
  from space 5120K, 100% used [0x00000000dc900000,0x00000000dce00000,0x00000000dce00000)
  to   space 5120K, 0% used [0x00000000dc400000,0x00000000dc400000,0x00000000dc900000)
 ParOldGen       total 279040K, used 176605K [0x0000000085000000, 0x0000000096080000, 0x00000000d7000000)
  object space 279040K, 63% used [0x0000000085000000,0x000000008fc77718,0x0000000096080000)
 Metaspace       used 3835K, capacity 4600K, committed 4864K, reserved 1056768K
  class space    used 396K, capacity 424K, committed 512K, reserved 1048576K

